[INFO ] 07-07-2021 08:19:40.731 TC001_LoginTest_CallingFrom_BaseClass - *****Starting Test Cases - TC001 Login_Test********
[INFO ] 07-07-2021 08:19:42.223 TC001_LoginTest_CallingFrom_BaseClass - *****Application is Opened******
[INFO ] 07-07-2021 08:19:42.254 TC001_LoginTest_CallingFrom_BaseClass - *****Entering Login Details********
[INFO ] 07-07-2021 08:19:44.434 TC001_LoginTest_CallingFrom_BaseClass - ******Login Successful*********
[INFO ] 07-07-2021 08:19:44.435 TC001_LoginTest_CallingFrom_BaseClass - *****Ending Test Cases - TC001 Login_Test********
[INFO ] 07-07-2021 08:32:41.695 TC001_LoginTest_CallingFrom_BaseClass - *****Starting Test Cases - TC001 Login_Test******
[INFO ] 07-07-2021 08:32:43.163 TC001_LoginTest_CallingFrom_BaseClass - *****Application is Opened******
[INFO ] 07-07-2021 08:32:43.164 TC001_LoginTest_CallingFrom_BaseClass - *****Entering Login Details********
[INFO ] 07-07-2021 08:32:44.767 TC001_LoginTest_CallingFrom_BaseClass - ******Login Successful*********
[INFO ] 07-07-2021 08:32:44.767 TC001_LoginTest_CallingFrom_BaseClass - *****Ending Test Cases - TC001 Login_Test******
[INFO ] 07-07-2021 08:45:12.254 TC001_LoginTest_CallingFrom_BaseClass - *****Starting Test Cases - TC001 Login_Test******
[INFO ] 07-07-2021 08:45:14.284 TC001_LoginTest_CallingFrom_BaseClass - *****Application is Opened******
[INFO ] 07-07-2021 08:45:14.286 TC001_LoginTest_CallingFrom_BaseClass - *****Entering Login Details********
[INFO ] 07-07-2021 08:45:16.346 TC001_LoginTest_CallingFrom_BaseClass - ******Login Successful*********
[INFO ] 07-07-2021 08:45:16.350 TC001_LoginTest_CallingFrom_BaseClass - *****Ending Test Cases - TC001 Login_Test******
[INFO ] 07-07-2021 08:47:04.649 TC001_LoginTest_CallingFrom_BaseClass - *****Starting Test Cases - TC001 Login_Test******
[INFO ] 07-07-2021 08:47:06.669 TC001_LoginTest_CallingFrom_BaseClass - *****Application is Opened******
[INFO ] 07-07-2021 08:47:06.671 TC001_LoginTest_CallingFrom_BaseClass - *****Entering Login Details********
[INFO ] 07-07-2021 08:47:09.352 TC001_LoginTest_CallingFrom_BaseClass - ******Login Successful*********
[INFO ] 07-07-2021 08:47:09.352 TC001_LoginTest_CallingFrom_BaseClass - *****Ending Test Cases - TC001 Login_Test******
[INFO ] 07-07-2021 09:55:04.084 TC001_LoginTest_CallingFrom_BaseClass - *****Starting Test Cases - TC001 Login_Test******
[INFO ] 07-07-2021 09:55:06.287 TC001_LoginTest_CallingFrom_BaseClass - *****Application is Opened******
[INFO ] 07-07-2021 09:55:06.290 TC001_LoginTest_CallingFrom_BaseClass - *****Entering Login Details********
[INFO ] 07-07-2021 09:55:08.780 TC001_LoginTest_CallingFrom_BaseClass - ******Login Successful*********
[INFO ] 07-07-2021 09:55:09.066 TC001_LoginTest_CallingFrom_BaseClass - *****Ending Test Cases - TC001 Login_Test******
[INFO ] 07-07-2021 10:16:47.992 TC001_LoginTest_CallingFrom_BaseClass - *****Starting Test Cases - TC001 Login_Test******
[INFO ] 07-07-2021 10:16:49.512 TC001_LoginTest_CallingFrom_BaseClass - *****Application is Opened******
[INFO ] 07-07-2021 10:16:49.514 TC001_LoginTest_CallingFrom_BaseClass - *****Entering Login Details********
[INFO ] 07-07-2021 10:16:52.631 TC001_LoginTest_CallingFrom_BaseClass - ******Login Successful*********
[INFO ] 07-07-2021 10:16:52.975 TC001_LoginTest_CallingFrom_BaseClass - *****Ending Test Cases - TC001 Login_Test******
[INFO ] 07-07-2021 10:17:25.559 TC001_LoginTest_CallingFrom_BaseClass - *****Starting Test Cases - TC001 Login_Test******
[INFO ] 07-07-2021 10:17:27.709 TC001_LoginTest_CallingFrom_BaseClass - *****Application is Opened******
[INFO ] 07-07-2021 10:17:27.711 TC001_LoginTest_CallingFrom_BaseClass - *****Entering Login Details********
[INFO ] 07-07-2021 10:17:29.825 TC001_LoginTest_CallingFrom_BaseClass - ******Login Successful*********
[INFO ] 07-07-2021 10:17:30.602 TC001_LoginTest_CallingFrom_BaseClass - *****Ending Test Cases - TC001 Login_Test******
[INFO ] 07-07-2021 10:22:59.468 TC001_LoginTest_CallingFrom_BaseClass - *****Starting Test Cases - TC001 Login_Test******
[INFO ] 07-07-2021 10:23:02.145 TC001_LoginTest_CallingFrom_BaseClass - *****Application is Opened******
[INFO ] 07-07-2021 10:23:02.147 TC001_LoginTest_CallingFrom_BaseClass - *****Entering Login Details********
[INFO ] 07-07-2021 10:23:03.787 TC001_LoginTest_CallingFrom_BaseClass - ******Login Successful*********
[INFO ] 07-07-2021 10:23:04.439 TC001_LoginTest_CallingFrom_BaseClass - *****Ending Test Cases - TC001 Login_Test******
[INFO ] 07-07-2021 10:30:14.103 TC001_LoginTest_CallingFrom_BaseClass - *****Starting Test Cases - TC001 Login_Test******
[INFO ] 07-07-2021 10:30:16.136 TC001_LoginTest_CallingFrom_BaseClass - *****Application is Opened******
[INFO ] 07-07-2021 10:30:16.138 TC001_LoginTest_CallingFrom_BaseClass - *****Entering Login Details********
[INFO ] 07-07-2021 10:30:18.157 TC001_LoginTest_CallingFrom_BaseClass - ******Login Successful*********
[INFO ] 07-07-2021 10:30:18.786 TC001_LoginTest_CallingFrom_BaseClass - *****Ending Test Cases - TC001 Login_Test******
[INFO ] 07-07-2021 10:32:23.236 TC001_LoginTest_CallingFrom_BaseClass - *****Starting Test Cases - TC001 Login_Test******
[INFO ] 07-07-2021 10:32:25.251 TC001_LoginTest_CallingFrom_BaseClass - *****Application is Opened******
[INFO ] 07-07-2021 10:32:25.252 TC001_LoginTest_CallingFrom_BaseClass - *****Entering Login Details********
[INFO ] 07-07-2021 10:32:27.335 TC001_LoginTest_CallingFrom_BaseClass - ******Login Successful*********
[INFO ] 07-07-2021 10:32:28.041 TC001_LoginTest_CallingFrom_BaseClass - *****Ending Test Cases - TC001 Login_Test******
[INFO ] 07-07-2021 10:34:30.432 TC001_LoginTest_CallingFrom_BaseClass - *****Starting Test Cases - TC001 Login_Test******
[INFO ] 07-07-2021 10:34:32.102 TC001_LoginTest_CallingFrom_BaseClass - *****Application is Opened******
[INFO ] 07-07-2021 10:34:32.103 TC001_LoginTest_CallingFrom_BaseClass - *****Entering Login Details********
[INFO ] 07-07-2021 10:34:34.759 TC001_LoginTest_CallingFrom_BaseClass - ******Login Successful*********
[INFO ] 07-07-2021 10:34:35.504 TC001_LoginTest_CallingFrom_BaseClass - *****Ending Test Cases - TC001 Login_Test******
[INFO ] 07-07-2021 10:35:57.193 TC001_LoginTest_CallingFrom_BaseClass - *****Starting Test Cases - TC001 Login_Test******
[INFO ] 07-07-2021 10:35:59.631 TC001_LoginTest_CallingFrom_BaseClass - *****Application is Opened******
[INFO ] 07-07-2021 10:35:59.634 TC001_LoginTest_CallingFrom_BaseClass - *****Entering Login Details********
[INFO ] 07-07-2021 10:36:01.763 TC001_LoginTest_CallingFrom_BaseClass - ******Login Successful*********
[INFO ] 07-07-2021 10:36:02.483 TC001_LoginTest_CallingFrom_BaseClass - *****Ending Test Cases - TC001 Login_Test******
[INFO ] 08-07-2021 10:12:14.076 TC001_LoginTest_CallingFrom_BaseClass - *****Starting Test Cases - TC001 Login_Test******
[INFO ] 08-07-2021 10:12:15.990 TC001_LoginTest_CallingFrom_BaseClass - *****Application is Opened******
[INFO ] 08-07-2021 10:12:15.990 TC001_LoginTest_CallingFrom_BaseClass - *****Entering Login Details********
[INFO ] 08-07-2021 10:12:18.855 TC001_LoginTest_CallingFrom_BaseClass - ******Login Successful*********
[INFO ] 08-07-2021 10:12:19.114 TC001_LoginTest_CallingFrom_BaseClass - *****Ending Test Cases - TC001 Login_Test******
[INFO ] 08-07-2021 10:14:42.203 TC001_LoginTest_CallingFrom_BaseClass - *****Starting Test Cases - TC001 Login_Test******
[INFO ] 08-07-2021 10:14:43.890 TC001_LoginTest_CallingFrom_BaseClass - *****Application is Opened******
[INFO ] 08-07-2021 10:14:43.891 TC001_LoginTest_CallingFrom_BaseClass - *****Entering Login Details********
[INFO ] 08-07-2021 10:14:46.810 TC001_LoginTest_CallingFrom_BaseClass - ******Login Successful*********
[INFO ] 08-07-2021 10:14:47.120 TC001_LoginTest_CallingFrom_BaseClass - *****Ending Test Cases - TC001 Login_Test******
[INFO ] 08-07-2021 11:36:00.318 TC001_LoginTest_CallingFrom_BaseClass - *****Starting Test Cases - TC001 Login_Test******
[INFO ] 08-07-2021 11:36:01.900 TC001_LoginTest_CallingFrom_BaseClass - *****Application is Opened******
[INFO ] 08-07-2021 11:36:01.902 TC001_LoginTest_CallingFrom_BaseClass - *****Entering Login Details********
[INFO ] 08-07-2021 11:36:05.403 TC001_LoginTest_CallingFrom_BaseClass - ******Login Successful*********
[INFO ] 08-07-2021 11:36:05.670 TC001_LoginTest_CallingFrom_BaseClass - *****Ending Test Cases - TC001 Login_Test******
[INFO ] 08-07-2021 11:38:36.649 TC001_LoginTest_CallingFrom_BaseClass - *****Starting Test Cases - TC001 Login_Test******
[INFO ] 08-07-2021 11:38:38.802 TC001_LoginTest_CallingFrom_BaseClass - *****Application is Opened******
[INFO ] 08-07-2021 11:38:38.804 TC001_LoginTest_CallingFrom_BaseClass - *****Entering Login Details********
[INFO ] 08-07-2021 11:38:41.723 TC001_LoginTest_CallingFrom_BaseClass - ******Login Successful*********
[INFO ] 08-07-2021 11:38:42.036 TC001_LoginTest_CallingFrom_BaseClass - *****Ending Test Cases - TC001 Login_Test******
[INFO ] 08-07-2021 12:05:00.521 TC001_LoginTest_CallingFrom_BaseClass - *****Starting Test Cases - TC001 Login_Test******
[INFO ] 08-07-2021 12:05:02.728 TC001_LoginTest_CallingFrom_BaseClass - *****Application is Opened******
[INFO ] 08-07-2021 12:05:02.729 TC001_LoginTest_CallingFrom_BaseClass - *****Entering Login Details********
[INFO ] 08-07-2021 12:05:05.587 TC001_LoginTest_CallingFrom_BaseClass - ******Login Successful*********
[INFO ] 08-07-2021 12:05:05.890 TC001_LoginTest_CallingFrom_BaseClass - *****Ending Test Cases - TC001 Login_Test******
